2025-05-09 00:40:46,523 - INFO - Entering DIABETES main().
2025-05-09 00:40:46,523 - INFO - Dataset Path: data/raw/diabetes_data.csv
2025-05-09 00:40:46,523 - INFO - Model Choice: LogisticRegression
2025-05-09 00:40:46,523 - INFO - Execution Mode: 1
2025-05-09 00:40:46,523 - INFO - Output Path: output/
2025-05-09 00:40:46,523 - INFO - Working Directory: None
2025-05-09 00:40:46,523 - INFO - Log Directory: None
2025-05-09 00:40:56,080 - INFO - Entering DIABETES main().
2025-05-09 00:40:56,080 - INFO - Dataset Path: data/raw/diabetes_data.csv
2025-05-09 00:40:56,080 - INFO - Model Choice: LogisticRegression
2025-05-09 00:40:56,085 - INFO - Execution Mode: 1
2025-05-09 00:40:56,085 - INFO - Output Path: output/
2025-05-09 00:40:56,085 - INFO - Working Directory: None
2025-05-09 00:40:56,085 - INFO - Log Directory: None
2025-05-09 00:41:22,175 - INFO - Entering DIABETES main().
2025-05-09 00:41:22,175 - INFO - Dataset Path: data/raw/diabetes_data.csv
2025-05-09 00:41:22,175 - INFO - Model Choice: LogisticRegression
2025-05-09 00:41:22,175 - INFO - Execution Mode: 1
2025-05-09 00:41:22,175 - INFO - Output Path: output/
2025-05-09 00:41:22,175 - INFO - Working Directory: None
2025-05-09 00:41:22,175 - INFO - Log Directory: None
2025-05-09 00:43:55,634 - INFO - Entering DIABETES main().
2025-05-09 00:43:55,634 - INFO - Dataset Path: .\data\raw\diabetes_dataset.csv
2025-05-09 00:43:55,634 - INFO - Model Choice: LogisticRegression
2025-05-09 00:43:55,634 - INFO - Execution Mode: 1
2025-05-09 00:43:55,634 - INFO - Output Path: output/
2025-05-09 00:43:55,634 - INFO - Working Directory: None
2025-05-09 00:43:55,634 - INFO - Log Directory: None
2025-05-09 00:53:50,723 - INFO - Entering DIABETES main().
2025-05-09 00:53:50,724 - INFO - Dataset Path: data/raw/diabetes_data.csv
2025-05-09 00:53:50,724 - INFO - Model Choice: LogisticRegression
2025-05-09 00:53:50,724 - INFO - Execution Mode: 1
2025-05-09 00:53:50,724 - INFO - Output Path: output/
2025-05-09 00:53:50,724 - INFO - Working Directory: None
2025-05-09 00:53:50,724 - INFO - Log Directory: None
2025-05-09 01:07:26,996 - INFO - Entering DIABETES main().
2025-05-09 01:07:26,996 - INFO - Dataset Path: data/raw/diabetes_data.csv
2025-05-09 01:07:26,996 - INFO - Model Choice: LogisticRegression
2025-05-09 01:07:26,996 - INFO - Execution Mode: 1
2025-05-09 01:07:26,996 - INFO - Output Path: output/
2025-05-09 01:07:26,996 - INFO - Working Directory: None
2025-05-09 01:07:26,996 - INFO - Log Directory: None
2025-05-09 01:14:37,482 - INFO - Entering DIABETES main().
2025-05-09 01:14:37,482 - INFO - Dataset Path: data/raw/diabetes_dataset.csv
2025-05-09 01:14:37,482 - INFO - Model Choice: LogisticRegression
2025-05-09 01:14:37,482 - INFO - Execution Mode: 1
2025-05-09 01:14:37,482 - INFO - Output Path: output/
2025-05-09 01:14:37,482 - INFO - Working Directory: None
2025-05-09 01:14:37,482 - INFO - Log Directory: None
2025-05-09 01:19:04,167 - INFO - Entering DIABETES main().
2025-05-09 01:19:04,167 - INFO - Dataset Path: data/raw/diabetes_dataset.csv
2025-05-09 01:19:04,167 - INFO - Model Choice: LogisticRegression
2025-05-09 01:19:04,167 - INFO - Execution Mode: 1
2025-05-09 01:19:04,167 - INFO - Output Path: output/
2025-05-09 01:19:04,167 - INFO - Working Directory: None
2025-05-09 01:19:04,167 - INFO - Log Directory: None
2025-05-09 01:30:01,297 - INFO - Entering DIABETES main().
2025-05-09 01:30:01,297 - INFO - Dataset Path: data/raw/diabetes_dataset.csv
2025-05-09 01:30:01,297 - INFO - Model Choice: LogisticRegression
2025-05-09 01:30:01,297 - INFO - Execution Mode: 1
2025-05-09 01:30:01,297 - INFO - Output Path: output/
2025-05-09 01:30:01,297 - INFO - Working Directory: None
2025-05-09 01:30:01,297 - INFO - Log Directory: None
2025-05-09 01:32:11,994 - INFO - Entering DIABETES main().
2025-05-09 01:32:11,994 - INFO - Dataset Path: data/raw/diabetes_dataset.csv
2025-05-09 01:32:11,994 - INFO - Model Choice: LogisticRegression
2025-05-09 01:32:11,995 - INFO - Execution Mode: 1
2025-05-09 01:32:11,995 - INFO - Output Path: output/
2025-05-09 01:32:11,995 - INFO - Working Directory: None
2025-05-09 01:32:11,995 - INFO - Log Directory: None
2025-05-09 01:32:32,097 - INFO - Entering DIABETES main().
2025-05-09 01:32:32,097 - INFO - Dataset Path: data/raw/diabetes_dataset.csv
2025-05-09 01:32:32,097 - INFO - Model Choice: LogisticRegression
2025-05-09 01:32:32,097 - INFO - Execution Mode: 1
2025-05-09 01:32:32,097 - INFO - Output Path: output/
2025-05-09 01:32:32,097 - INFO - Working Directory: None
2025-05-09 01:32:32,097 - INFO - Log Directory: None
2025-05-09 01:35:41,061 - INFO - Entering DIABETES main().
2025-05-09 01:35:41,061 - INFO - Dataset Path: data/raw/diabetes_dataset.csv
2025-05-09 01:35:41,061 - INFO - Model Choice: LogisticRegression
2025-05-09 01:35:41,061 - INFO - Execution Mode: 1
2025-05-09 01:35:41,061 - INFO - Output Path: output/
2025-05-09 01:35:41,061 - INFO - Working Directory: None
2025-05-09 01:35:41,061 - INFO - Log Directory: None
2025-05-09 01:38:48,287 - INFO - Entering DIABETES main().
2025-05-09 01:38:48,287 - INFO - Dataset Path: data/raw/diabetes_dataset.csv
2025-05-09 01:38:48,287 - INFO - Model Choice: LogisticRegression
2025-05-09 01:38:48,287 - INFO - Execution Mode: 1
2025-05-09 01:38:48,287 - INFO - Output Path: output/
2025-05-09 01:38:48,287 - INFO - Working Directory: None
2025-05-09 01:38:48,287 - INFO - Log Directory: None
2025-05-09 01:45:19,721 - INFO - Entering DIABETES main().
2025-05-09 01:45:19,721 - INFO - Dataset Path: data/raw/diabetes_dataset.csv
2025-05-09 01:45:19,722 - INFO - Model Choice: LogisticRegression
2025-05-09 01:45:19,722 - INFO - Execution Mode: 1
2025-05-09 01:45:19,722 - INFO - Output Path: output/
2025-05-09 01:45:19,722 - INFO - Working Directory: None
2025-05-09 01:45:19,722 - INFO - Log Directory: None
2025-05-09 01:45:35,498 - INFO - Entering DIABETES main().
2025-05-09 01:45:35,498 - INFO - Dataset Path: data/raw/diabetes_dataset.csv
2025-05-09 01:45:35,498 - INFO - Model Choice: LogisticRegression
2025-05-09 01:45:35,498 - INFO - Execution Mode: 1
2025-05-09 01:45:35,498 - INFO - Output Path: output/
2025-05-09 01:45:35,498 - INFO - Working Directory: None
2025-05-09 01:45:35,498 - INFO - Log Directory: None
2025-05-09 01:46:10,198 - INFO - Entering DIABETES main().
2025-05-09 01:46:10,198 - INFO - Dataset Path: data/raw/diabetes_dataset.csv
2025-05-09 01:46:10,198 - INFO - Model Choice: LogisticRegression
2025-05-09 01:46:10,198 - INFO - Execution Mode: 1
2025-05-09 01:46:10,198 - INFO - Output Path: output/
2025-05-09 01:46:10,198 - INFO - Working Directory: None
2025-05-09 01:46:10,198 - INFO - Log Directory: None
2025-05-09 01:50:42,799 - INFO - Entering DIABETES main().
2025-05-09 01:50:42,799 - INFO - Dataset Path: data/raw/diabetes_dataset.csv
2025-05-09 01:50:42,799 - INFO - Model Choice: LogisticRegression
2025-05-09 01:50:42,799 - INFO - Execution Mode: 1
2025-05-09 01:50:42,799 - INFO - Output Path: output/
2025-05-09 01:50:42,799 - INFO - Working Directory: None
2025-05-09 01:50:42,799 - INFO - Log Directory: None
2025-05-09 01:53:03,177 - INFO - Entering DIABETES main().
2025-05-09 01:53:03,177 - INFO - Dataset Path: data/raw/diabetes_dataset.csv
2025-05-09 01:53:03,177 - INFO - Model Choice: LogisticRegression
2025-05-09 01:53:03,177 - INFO - Execution Mode: 1
2025-05-09 01:53:03,177 - INFO - Output Path: output/
2025-05-09 01:53:03,177 - INFO - Working Directory: None
2025-05-09 01:53:03,177 - INFO - Log Directory: None
2025-05-09 02:02:01,657 - INFO - Entering DIABETES main().
2025-05-09 02:02:01,658 - INFO - Dataset Path: data/raw/diabetes_dataset.csv
2025-05-09 02:02:01,658 - INFO - Model Choice: LogisticRegression
2025-05-09 02:02:01,658 - INFO - Execution Mode: 1
2025-05-09 02:02:01,658 - INFO - Output Path: output/
2025-05-09 02:02:01,658 - INFO - Working Directory: None
2025-05-09 02:02:01,658 - INFO - Log Directory: None
2025-05-09 02:10:19,983 - INFO - Entering DIABETES main().
2025-05-09 02:10:19,983 - INFO - Dataset Path: data/raw/diabetes_dataset.csv
2025-05-09 02:10:19,983 - INFO - Model Choice: LogisticRegression
2025-05-09 02:10:19,983 - INFO - Execution Mode: 1
2025-05-09 02:10:19,983 - INFO - Output Path: output/
2025-05-09 02:10:19,983 - INFO - Working Directory: None
2025-05-09 02:10:19,983 - INFO - Log Directory: None
2025-05-09 02:18:09,810 - INFO - Entering DIABETES main().
2025-05-09 02:18:09,810 - INFO - Dataset Path: data/raw/diabetes_dataset.csv
2025-05-09 02:18:09,810 - INFO - Model Choice: LogisticRegression
2025-05-09 02:18:09,810 - INFO - Execution Mode: 1
2025-05-09 02:18:09,811 - INFO - Output Path: output/
2025-05-09 02:18:09,811 - INFO - Working Directory: None
2025-05-09 02:18:09,811 - INFO - Log Directory: None
2025-05-09 02:20:19,632 - INFO - Entering DIABETES main().
2025-05-09 02:20:19,632 - INFO - Dataset Path: data/raw/diabetes_dataset.csv
2025-05-09 02:20:19,632 - INFO - Model Choice: LogisticRegression
2025-05-09 02:20:19,632 - INFO - Execution Mode: 1
2025-05-09 02:20:19,632 - INFO - Output Path: output/
2025-05-09 02:20:19,632 - INFO - Working Directory: None
2025-05-09 02:20:19,632 - INFO - Log Directory: None
2025-05-09 02:21:33,624 - INFO - Entering DIABETES main().
2025-05-09 02:21:33,624 - INFO - Dataset Path: data/raw/diabetes_dataset.csv
2025-05-09 02:21:33,624 - INFO - Model Choice: LogisticRegression
2025-05-09 02:21:33,624 - INFO - Execution Mode: 1
2025-05-09 02:21:33,624 - INFO - Output Path: output/
2025-05-09 02:21:33,624 - INFO - Working Directory: None
2025-05-09 02:21:33,624 - INFO - Log Directory: None
2025-05-09 02:22:12,483 - INFO - Entering DIABETES main().
2025-05-09 02:22:12,484 - INFO - Dataset Path: data/raw/diabetes_dataset.csv
2025-05-09 02:22:12,484 - INFO - Model Choice: LogisticRegression
2025-05-09 02:22:12,484 - INFO - Execution Mode: 1
2025-05-09 02:22:12,484 - INFO - Output Path: output/
2025-05-09 02:22:12,484 - INFO - Working Directory: None
2025-05-09 02:22:12,484 - INFO - Log Directory: None
